C51 COMPILER V9.54   MAIN                                                                  04/03/2026 11:57:45 PAGE 1   


C51 COMPILER V9.54, COMPILATION OF MODULE MAIN
OBJECT MODULE PLACED IN .\Objects\main.obj
COMPILER INVOKED BY: D:\Ruanjian\Keil5 MDK\51\C51\BIN\C51.EXE main.c OPTIMIZE(8,SPEED) BROWSE DEBUG OBJECTEXTEND PRINT(.
                    -\Listings\main.lst) TABS(2) OBJECT(.\Objects\main.obj)

line level    source

   1          #include<REGX52.H>
   2          #include <intrins.h>
   3          #include<I2C.h>
   4          #include<AT24c02.h>
   5          #include<data.h>
   6          void Delay5ms(void);
   7          int main()
   8          {
   9   1        unsigned char a,b,c = 0;
  10   1        unsigned char qqnums[7] = {1,2,3,4,5,6,7};
  11   1        //unsigned char qq[8] = {0};
  12   1        AT_WPage(32,&qqnums);
  13   1        Delay5ms();
  14   1        //AT_RPage(&qq,3,8);
  15   1        a = AT_RByte(33);
  16   1        b = AT_RByte(40);
  17   1        c = AT_RByte(44);
  18   1        while(1)
  19   1          {
  20   2            show_num(1,a);
  21   2            show_num(2,b);
  22   2            show_num(3,c);
  23   2          }
  24   1      
  25   1      
  26   1      }


MODULE INFORMATION:   STATIC OVERLAYABLE
   CODE SIZE        =    643    ----
   CONSTANT SIZE    =      7    ----
   XDATA SIZE       =   ----    ----
   PDATA SIZE       =   ----    ----
   DATA SIZE        =     25      23
   IDATA SIZE       =   ----    ----
   BIT SIZE         =   ----    ----
END OF MODULE INFORMATION.


C51 COMPILATION COMPLETE.  0 WARNING(S),  0 ERROR(S)
